[2025-02-03 11:04:57,586: INFO: main: Welcome to our custom logging data science]
[2025-02-03 22:31:41,034: INFO: common: yaml file: config\config.yaml loaded successfully]
[2025-02-03 22:31:41,042: INFO: common: yaml file: params.yaml loaded successfully]
[2025-02-03 22:31:41,042: INFO: common: yaml file: schema.yaml loaded successfully]
[2025-02-03 22:31:41,050: INFO: common: created directory at: artifacts]
[2025-02-03 22:31:41,053: INFO: common: created directory at: artifacts/data_ingestion]
[2025-02-03 22:31:42,846: INFO: 251335794: artifacts/data_ingestion/data.zip download! with following info: 
Connection: close
Content-Length: 23329
Cache-Control: max-age=300
Content-Security-Policy: default-src 'none'; style-src 'unsafe-inline'; sandbox
Content-Type: application/zip
ETag: "c69888a4ae59bc5a893392785a938ccd4937981c06ba8a9d6a21aa52b4ab5b6e"
Strict-Transport-Security: max-age=31536000
X-Content-Type-Options: nosniff
X-Frame-Options: deny
X-XSS-Protection: 1; mode=block
X-GitHub-Request-Id: B67B:1B3E42:1230A:18A0F:67A0F674
Accept-Ranges: bytes
Date: Mon, 03 Feb 2025 17:01:41 GMT
Via: 1.1 varnish
X-Served-By: cache-bom4751-BOM
X-Cache: MISS
X-Cache-Hits: 0
X-Timer: S1738602101.363784,VS0,VE566
Vary: Authorization,Accept-Encoding,Origin
Access-Control-Allow-Origin: *
Cross-Origin-Resource-Policy: cross-origin
X-Fastly-Request-ID: 0c6b1f76b65eef1ca7cce799656d16f229e1f226
Expires: Mon, 03 Feb 2025 17:06:41 GMT
Source-Age: 0

]
[2025-02-04 10:44:44,547: INFO: common: yaml file: config\config.yaml loaded successfully]
[2025-02-04 10:44:44,551: INFO: common: yaml file: params.yaml loaded successfully]
[2025-02-04 10:44:44,555: INFO: common: yaml file: schema.yaml loaded successfully]
[2025-02-04 10:44:44,557: INFO: common: created directory at: artifacts]
[2025-02-04 10:44:44,559: INFO: common: created directory at: artifacts/data_ingestion]
[2025-02-04 10:45:10,729: INFO: common: yaml file: config\config.yaml loaded successfully]
[2025-02-04 10:45:10,732: INFO: common: yaml file: params.yaml loaded successfully]
[2025-02-04 10:45:10,735: INFO: common: yaml file: schema.yaml loaded successfully]
[2025-02-04 10:45:10,737: INFO: common: created directory at: artifacts]
[2025-02-04 10:45:10,738: INFO: common: created directory at: artifacts/data_ingestion]
[2025-02-04 10:45:12,001: INFO: 2281498944: artifacts/data_ingestion/data.zip download! with following info: 
Connection: close
Content-Length: 23329
Cache-Control: max-age=300
Content-Security-Policy: default-src 'none'; style-src 'unsafe-inline'; sandbox
Content-Type: application/zip
ETag: "c69888a4ae59bc5a893392785a938ccd4937981c06ba8a9d6a21aa52b4ab5b6e"
Strict-Transport-Security: max-age=31536000
X-Content-Type-Options: nosniff
X-Frame-Options: deny
X-XSS-Protection: 1; mode=block
X-GitHub-Request-Id: 6109:13E743:A8BFD:EEC07:67A1A25D
Accept-Ranges: bytes
Date: Tue, 04 Feb 2025 05:15:11 GMT
Via: 1.1 varnish
X-Served-By: cache-bom4745-BOM
X-Cache: MISS
X-Cache-Hits: 0
X-Timer: S1738646111.091879,VS0,VE581
Vary: Authorization,Accept-Encoding,Origin
Access-Control-Allow-Origin: *
Cross-Origin-Resource-Policy: cross-origin
X-Fastly-Request-ID: 59447f097a2c66d868e80d26fcd3b5bb695d9027
Expires: Tue, 04 Feb 2025 05:20:11 GMT
Source-Age: 0

]
[2025-02-04 19:57:46,842: INFO: main: >>>>>> stage Data Ingestion stage started <<<<<<]
[2025-02-04 19:57:46,842: INFO: common: yaml file: config\config.yaml loaded successfully]
[2025-02-04 19:57:46,863: INFO: common: yaml file: params.yaml loaded successfully]
[2025-02-04 19:57:46,875: INFO: common: yaml file: schema.yaml loaded successfully]
[2025-02-04 19:57:46,878: INFO: common: created directory at: artifacts]
[2025-02-04 19:57:46,878: INFO: common: created directory at: artifacts/data_ingestion]
[2025-02-04 19:57:48,600: INFO: data_ingestion: artifacts/data_ingestion/data.zip download! with following info: 
Connection: close
Content-Length: 23329
Cache-Control: max-age=300
Content-Security-Policy: default-src 'none'; style-src 'unsafe-inline'; sandbox
Content-Type: application/zip
ETag: "c69888a4ae59bc5a893392785a938ccd4937981c06ba8a9d6a21aa52b4ab5b6e"
Strict-Transport-Security: max-age=31536000
X-Content-Type-Options: nosniff
X-Frame-Options: deny
X-XSS-Protection: 1; mode=block
X-GitHub-Request-Id: F374:FB85E:16AF2D:1E0841:67A223E3
Accept-Ranges: bytes
Date: Tue, 04 Feb 2025 14:27:48 GMT
Via: 1.1 varnish
X-Served-By: cache-bom4747-BOM
X-Cache: MISS
X-Cache-Hits: 0
X-Timer: S1738679268.226806,VS0,VE583
Vary: Authorization,Accept-Encoding,Origin
Access-Control-Allow-Origin: *
Cross-Origin-Resource-Policy: cross-origin
X-Fastly-Request-ID: 4a7e3326809c685d1ce9cbd1f14e482399e5d29a
Expires: Tue, 04 Feb 2025 14:32:48 GMT
Source-Age: 0

]
[2025-02-04 19:57:48,637: INFO: main: >>>>>> stage Data Ingestion stage completed <<<<<<

x==========x]
[2025-02-04 21:38:07,321: INFO: common: yaml file: config\config.yaml loaded successfully]
[2025-02-04 21:38:07,324: INFO: common: yaml file: params.yaml loaded successfully]
[2025-02-04 21:38:07,330: INFO: common: yaml file: schema.yaml loaded successfully]
[2025-02-04 21:38:07,330: INFO: common: created directory at: artifacts]
[2025-02-04 21:38:07,330: INFO: common: created directory at: artifacts/data_validation]
[2025-02-05 11:29:53,926: INFO: main: >>>>>> stage Data Ingestion stage started <<<<<<]
[2025-02-05 11:29:53,926: INFO: common: yaml file: config\config.yaml loaded successfully]
[2025-02-05 11:29:53,937: INFO: common: yaml file: params.yaml loaded successfully]
[2025-02-05 11:29:53,954: INFO: common: yaml file: schema.yaml loaded successfully]
[2025-02-05 11:29:53,954: INFO: common: created directory at: artifacts]
[2025-02-05 11:29:53,954: INFO: common: created directory at: artifacts/data_ingestion]
[2025-02-05 11:29:53,954: INFO: data_ingestion: File already exists]
[2025-02-05 11:29:53,982: INFO: main: >>>>>> stage Data Ingestion stage completed <<<<<<

x==========x]
[2025-02-05 11:29:53,983: INFO: main: >>>>>> stage Data Validation stage started <<<<<<]
[2025-02-05 11:29:53,983: ERROR: main: name 'DataValidationTrainingPipeline' is not defined]
Traceback (most recent call last):
  File "C:\Users\Lenovo\Downloads\MLOps1\DataScienceProject\main.py", line 17, in <module>
    obj = DataValidationTrainingPipeline()
          ^^^^^^^^^^^^^^^^^^^^^^^^^^^^^^
NameError: name 'DataValidationTrainingPipeline' is not defined
[2025-02-05 11:31:22,999: INFO: utils: NumExpr defaulting to 4 threads.]
[2025-02-05 11:33:32,110: INFO: utils: NumExpr defaulting to 4 threads.]
[2025-02-05 11:37:30,454: INFO: utils: NumExpr defaulting to 4 threads.]
[2025-02-05 11:37:30,751: INFO: main: >>>>>> stage Data Ingestion stage started <<<<<<]
[2025-02-05 11:37:30,751: INFO: common: yaml file: config\config.yaml loaded successfully]
[2025-02-05 11:37:30,751: INFO: common: yaml file: params.yaml loaded successfully]
[2025-02-05 11:37:30,751: INFO: common: yaml file: schema.yaml loaded successfully]
[2025-02-05 11:37:30,751: INFO: common: created directory at: artifacts]
[2025-02-05 11:37:30,751: INFO: common: created directory at: artifacts/data_ingestion]
[2025-02-05 11:37:30,751: INFO: data_ingestion: File already exists]
[2025-02-05 11:37:30,767: INFO: main: >>>>>> stage Data Ingestion stage completed <<<<<<

x==========x]
[2025-02-05 11:37:30,767: INFO: main: >>>>>> stage Data Validation stage started <<<<<<]
[2025-02-05 11:37:30,770: INFO: common: yaml file: config\config.yaml loaded successfully]
[2025-02-05 11:37:30,771: INFO: common: yaml file: params.yaml loaded successfully]
[2025-02-05 11:37:30,773: INFO: common: yaml file: schema.yaml loaded successfully]
[2025-02-05 11:37:30,774: INFO: common: created directory at: artifacts]
[2025-02-05 11:37:30,774: INFO: common: created directory at: artifacts/data_validation]
[2025-02-05 11:37:30,803: INFO: main: >>>>>> stage Data Validation stage completed <<<<<<

x==========x]
[2025-02-05 11:56:39,315: INFO: utils: NumExpr defaulting to 4 threads.]
[2025-02-05 11:57:30,960: INFO: common: yaml file: config\config.yaml loaded successfully]
[2025-02-05 11:57:30,978: INFO: common: yaml file: params.yaml loaded successfully]
[2025-02-05 11:57:30,981: INFO: common: yaml file: schema.yaml loaded successfully]
[2025-02-05 11:57:30,981: INFO: common: created directory at: artifacts]
[2025-02-05 11:57:30,988: INFO: common: created directory at: artifacts/data_transformation]
[2025-02-05 11:57:31,066: INFO: 2148425976: Splited data into training and test sets]
[2025-02-05 11:57:31,066: INFO: 2148425976: (1199, 12)]
[2025-02-05 11:57:31,066: INFO: 2148425976: (400, 12)]
[2025-02-05 12:34:58,026: INFO: utils: NumExpr defaulting to 4 threads.]
[2025-02-05 12:35:55,785: INFO: utils: NumExpr defaulting to 4 threads.]
[2025-02-05 12:35:56,759: INFO: main: >>>>>> stage Data Ingestion stage started <<<<<<]
[2025-02-05 12:35:56,759: INFO: common: yaml file: config\config.yaml loaded successfully]
[2025-02-05 12:35:56,773: INFO: common: yaml file: params.yaml loaded successfully]
[2025-02-05 12:35:56,775: INFO: common: yaml file: schema.yaml loaded successfully]
[2025-02-05 12:35:56,777: INFO: common: created directory at: artifacts]
[2025-02-05 12:35:56,777: INFO: common: created directory at: artifacts/data_ingestion]
[2025-02-05 12:35:56,777: INFO: data_ingestion: File already exists]
[2025-02-05 12:35:56,795: INFO: main: >>>>>> stage Data Ingestion stage completed <<<<<<

x==========x]
[2025-02-05 12:35:56,795: INFO: main: >>>>>> stage Data Validation stage started <<<<<<]
[2025-02-05 12:35:56,798: INFO: common: yaml file: config\config.yaml loaded successfully]
[2025-02-05 12:35:56,798: INFO: common: yaml file: params.yaml loaded successfully]
[2025-02-05 12:35:56,798: INFO: common: yaml file: schema.yaml loaded successfully]
[2025-02-05 12:35:56,798: INFO: common: created directory at: artifacts]
[2025-02-05 12:35:56,798: INFO: common: created directory at: artifacts/data_validation]
[2025-02-05 12:35:56,835: INFO: main: >>>>>> stage Data Validation stage completed <<<<<<

x==========x]
[2025-02-05 12:35:56,836: INFO: main: >>>>>> stage Data Transformation stage started <<<<<<]
[2025-02-05 12:35:56,841: INFO: common: yaml file: config\config.yaml loaded successfully]
[2025-02-05 12:35:56,841: INFO: common: yaml file: params.yaml loaded successfully]
[2025-02-05 12:35:56,843: INFO: common: yaml file: schema.yaml loaded successfully]
[2025-02-05 12:35:56,844: INFO: common: created directory at: artifacts]
[2025-02-05 12:35:56,845: INFO: common: created directory at: artifacts/data_transformation]
[2025-02-05 12:35:56,845: INFO: main: >>>>>> stage Data Transformation stage completed <<<<<<

x==========x]
[2025-02-05 13:08:19,109: INFO: utils: NumExpr defaulting to 4 threads.]
[2025-02-05 13:10:18,006: INFO: common: yaml file: config\config.yaml loaded successfully]
[2025-02-05 13:10:18,023: INFO: common: yaml file: params.yaml loaded successfully]
[2025-02-05 13:10:18,034: INFO: common: yaml file: schema.yaml loaded successfully]
[2025-02-05 13:10:18,040: INFO: common: created directory at: artifacts]
[2025-02-05 13:10:18,041: INFO: common: created directory at: artifacts/model_trainer]
[2025-02-05 13:24:06,510: INFO: common: yaml file: config\config.yaml loaded successfully]
[2025-02-05 13:24:06,510: INFO: common: yaml file: params.yaml loaded successfully]
[2025-02-05 13:24:06,516: INFO: common: yaml file: schema.yaml loaded successfully]
[2025-02-05 13:24:06,522: INFO: common: created directory at: artifacts]
[2025-02-05 13:24:06,523: INFO: common: created directory at: artifacts/model_trainer]
[2025-02-05 13:26:08,769: INFO: utils: NumExpr defaulting to 4 threads.]
[2025-02-05 13:26:09,403: INFO: common: yaml file: config\config.yaml loaded successfully]
[2025-02-05 13:26:09,406: INFO: common: yaml file: params.yaml loaded successfully]
[2025-02-05 13:26:09,408: INFO: common: yaml file: schema.yaml loaded successfully]
[2025-02-05 13:26:09,408: INFO: common: created directory at: artifacts]
[2025-02-05 13:26:09,408: INFO: common: created directory at: artifacts/data_transformation]
[2025-02-05 13:26:09,475: INFO: 2148425976: Splited data into training and test sets]
[2025-02-05 13:26:09,477: INFO: 2148425976: (1199, 12)]
[2025-02-05 13:26:09,478: INFO: 2148425976: (400, 12)]
[2025-02-05 13:27:23,789: INFO: common: yaml file: config\config.yaml loaded successfully]
[2025-02-05 13:27:23,794: INFO: common: yaml file: params.yaml loaded successfully]
[2025-02-05 13:27:23,795: INFO: common: yaml file: schema.yaml loaded successfully]
[2025-02-05 13:27:23,801: INFO: common: created directory at: artifacts]
[2025-02-05 13:27:23,802: INFO: common: created directory at: artifacts/model_trainer]
[2025-02-05 13:36:47,411: INFO: utils: NumExpr defaulting to 4 threads.]
[2025-02-05 13:36:49,297: INFO: main: >>>>>> stage Data Ingestion stage started <<<<<<]
[2025-02-05 13:36:49,300: INFO: common: yaml file: config\config.yaml loaded successfully]
[2025-02-05 13:36:49,304: INFO: common: yaml file: params.yaml loaded successfully]
[2025-02-05 13:36:49,305: INFO: common: yaml file: schema.yaml loaded successfully]
[2025-02-05 13:36:49,306: INFO: common: created directory at: artifacts]
[2025-02-05 13:36:49,307: INFO: common: created directory at: artifacts/data_ingestion]
[2025-02-05 13:36:49,307: INFO: data_ingestion: File already exists]
[2025-02-05 13:36:49,330: INFO: main: >>>>>> stage Data Ingestion stage completed <<<<<<

x==========x]
[2025-02-05 13:36:49,330: INFO: main: >>>>>> stage Data Validation stage started <<<<<<]
[2025-02-05 13:36:49,332: INFO: common: yaml file: config\config.yaml loaded successfully]
[2025-02-05 13:36:49,332: INFO: common: yaml file: params.yaml loaded successfully]
[2025-02-05 13:36:49,334: INFO: common: yaml file: schema.yaml loaded successfully]
[2025-02-05 13:36:49,334: INFO: common: created directory at: artifacts]
[2025-02-05 13:36:49,335: INFO: common: created directory at: artifacts/data_validation]
[2025-02-05 13:36:49,375: INFO: main: >>>>>> stage Data Validation stage completed <<<<<<

x==========x]
[2025-02-05 13:36:49,376: INFO: main: >>>>>> stage Data Transformation stage started <<<<<<]
[2025-02-05 13:36:49,379: INFO: common: yaml file: config\config.yaml loaded successfully]
[2025-02-05 13:36:49,379: INFO: common: yaml file: params.yaml loaded successfully]
[2025-02-05 13:36:49,379: INFO: common: yaml file: schema.yaml loaded successfully]
[2025-02-05 13:36:49,379: INFO: common: created directory at: artifacts]
[2025-02-05 13:36:49,379: INFO: common: created directory at: artifacts/data_transformation]
[2025-02-05 13:36:49,379: INFO: main: >>>>>> stage Data Transformation stage completed <<<<<<

x==========x]
[2025-02-05 13:36:49,379: INFO: main: >>>>>> stage Model Trainer stage started <<<<<<]
[2025-02-05 13:36:49,379: ERROR: main: name 'ModelTrainerTrainingPipeline' is not defined]
Traceback (most recent call last):
  File "C:\Users\Lenovo\Downloads\MLOps1\DataScienceProject\main.py", line 39, in <module>
    data_ingestion = ModelTrainerTrainingPipeline()
                     ^^^^^^^^^^^^^^^^^^^^^^^^^^^^
NameError: name 'ModelTrainerTrainingPipeline' is not defined
[2025-02-05 13:37:23,617: INFO: utils: NumExpr defaulting to 4 threads.]
[2025-02-05 13:38:06,820: INFO: utils: NumExpr defaulting to 4 threads.]
[2025-02-05 13:38:07,867: INFO: main: >>>>>> stage Data Ingestion stage started <<<<<<]
[2025-02-05 13:38:07,869: INFO: common: yaml file: config\config.yaml loaded successfully]
[2025-02-05 13:38:07,870: INFO: common: yaml file: params.yaml loaded successfully]
[2025-02-05 13:38:07,872: INFO: common: yaml file: schema.yaml loaded successfully]
[2025-02-05 13:38:07,873: INFO: common: created directory at: artifacts]
[2025-02-05 13:38:07,873: INFO: common: created directory at: artifacts/data_ingestion]
[2025-02-05 13:38:07,874: INFO: data_ingestion: File already exists]
[2025-02-05 13:38:07,877: INFO: main: >>>>>> stage Data Ingestion stage completed <<<<<<

x==========x]
[2025-02-05 13:38:07,878: INFO: main: >>>>>> stage Data Validation stage started <<<<<<]
[2025-02-05 13:38:07,880: INFO: common: yaml file: config\config.yaml loaded successfully]
[2025-02-05 13:38:07,881: INFO: common: yaml file: params.yaml loaded successfully]
[2025-02-05 13:38:07,883: INFO: common: yaml file: schema.yaml loaded successfully]
[2025-02-05 13:38:07,884: INFO: common: created directory at: artifacts]
[2025-02-05 13:38:07,884: INFO: common: created directory at: artifacts/data_validation]
[2025-02-05 13:38:07,909: INFO: main: >>>>>> stage Data Validation stage completed <<<<<<

x==========x]
[2025-02-05 13:38:07,910: INFO: main: >>>>>> stage Data Transformation stage started <<<<<<]
[2025-02-05 13:38:07,915: INFO: common: yaml file: config\config.yaml loaded successfully]
[2025-02-05 13:38:07,916: INFO: common: yaml file: params.yaml loaded successfully]
[2025-02-05 13:38:07,919: INFO: common: yaml file: schema.yaml loaded successfully]
[2025-02-05 13:38:07,920: INFO: common: created directory at: artifacts]
[2025-02-05 13:38:07,921: INFO: common: created directory at: artifacts/data_transformation]
[2025-02-05 13:38:07,922: INFO: main: >>>>>> stage Data Transformation stage completed <<<<<<

x==========x]
[2025-02-05 13:38:07,922: INFO: main: >>>>>> stage Model Trainer stage started <<<<<<]
[2025-02-05 13:38:07,924: INFO: common: yaml file: config\config.yaml loaded successfully]
[2025-02-05 13:38:07,925: INFO: common: yaml file: params.yaml loaded successfully]
[2025-02-05 13:38:07,927: INFO: common: yaml file: schema.yaml loaded successfully]
[2025-02-05 13:38:07,929: INFO: common: created directory at: artifacts]
[2025-02-05 13:38:07,930: INFO: common: created directory at: artifacts/model_trainer]
[2025-02-05 13:38:07,977: INFO: main: >>>>>> stage Model Trainer stage completed <<<<<<

x==========x]
[2025-02-05 14:38:34,757: INFO: utils: NumExpr defaulting to 4 threads.]
[2025-02-05 14:41:19,849: INFO: common: yaml file: config\config.yaml loaded successfully]
[2025-02-05 14:41:19,852: INFO: common: yaml file: params.yaml loaded successfully]
[2025-02-05 14:41:19,856: INFO: common: yaml file: schema.yaml loaded successfully]
[2025-02-05 14:41:19,856: INFO: common: created directory at: artifacts]
[2025-02-05 14:41:19,862: INFO: common: created directory at: artifacts/model_evaluation]
[2025-02-05 14:41:21,067: INFO: common: json file saved at: artifacts\model_evaluation\metrics.jsons]
[2025-02-05 14:55:13,503: INFO: utils: NumExpr defaulting to 4 threads.]
[2025-02-05 14:55:15,606: INFO: main: >>>>>> stage Data Ingestion stage started <<<<<<]
[2025-02-05 14:55:15,606: INFO: common: yaml file: config\config.yaml loaded successfully]
[2025-02-05 14:55:15,606: INFO: common: yaml file: params.yaml loaded successfully]
[2025-02-05 14:55:15,606: INFO: common: yaml file: schema.yaml loaded successfully]
[2025-02-05 14:55:15,606: INFO: common: created directory at: artifacts]
[2025-02-05 14:55:15,606: INFO: common: created directory at: artifacts/data_ingestion]
[2025-02-05 14:55:15,606: INFO: data_ingestion: File already exists]
[2025-02-05 14:55:15,622: INFO: main: >>>>>> stage Data Ingestion stage completed <<<<<<

x==========x]
[2025-02-05 14:55:15,622: INFO: main: >>>>>> stage Data Validation stage started <<<<<<]
[2025-02-05 14:55:15,622: INFO: common: yaml file: config\config.yaml loaded successfully]
[2025-02-05 14:55:15,622: INFO: common: yaml file: params.yaml loaded successfully]
[2025-02-05 14:55:15,622: INFO: common: yaml file: schema.yaml loaded successfully]
[2025-02-05 14:55:15,622: INFO: common: created directory at: artifacts]
[2025-02-05 14:55:15,622: INFO: common: created directory at: artifacts/data_validation]
[2025-02-05 14:55:15,668: INFO: main: >>>>>> stage Data Validation stage completed <<<<<<

x==========x]
[2025-02-05 14:55:15,669: INFO: main: >>>>>> stage Data Transformation stage started <<<<<<]
[2025-02-05 14:55:15,674: INFO: common: yaml file: config\config.yaml loaded successfully]
[2025-02-05 14:55:15,674: INFO: common: yaml file: params.yaml loaded successfully]
[2025-02-05 14:55:15,674: INFO: common: yaml file: schema.yaml loaded successfully]
[2025-02-05 14:55:15,674: INFO: common: created directory at: artifacts]
[2025-02-05 14:55:15,679: INFO: common: created directory at: artifacts/data_transformation]
[2025-02-05 14:55:15,679: INFO: main: >>>>>> stage Data Transformation stage completed <<<<<<

x==========x]
[2025-02-05 14:55:15,681: INFO: main: >>>>>> stage Model Trainer stage started <<<<<<]
[2025-02-05 14:55:15,681: INFO: common: yaml file: config\config.yaml loaded successfully]
[2025-02-05 14:55:15,681: INFO: common: yaml file: params.yaml loaded successfully]
[2025-02-05 14:55:15,685: INFO: common: yaml file: schema.yaml loaded successfully]
[2025-02-05 14:55:15,686: INFO: common: created directory at: artifacts]
[2025-02-05 14:55:15,686: INFO: common: created directory at: artifacts/model_trainer]
[2025-02-05 14:55:15,720: INFO: main: >>>>>> stage Model Trainer stage completed <<<<<<

x==========x]
[2025-02-05 14:55:15,720: INFO: main: >>>>>> stage Model evaluation stage started <<<<<<]
[2025-02-05 14:55:15,729: ERROR: main: name 'ModelEvaluationTrainingPipeline' is not defined]
Traceback (most recent call last):
  File "C:\Users\Lenovo\Downloads\MLOps1\DataScienceProject\main.py", line 50, in <module>
    data_ingestion = ModelEvaluationTrainingPipeline()
                     ^^^^^^^^^^^^^^^^^^^^^^^^^^^^^^^
NameError: name 'ModelEvaluationTrainingPipeline' is not defined
[2025-02-05 14:55:50,320: INFO: utils: NumExpr defaulting to 4 threads.]
[2025-02-05 14:55:53,801: INFO: main: >>>>>> stage Data Ingestion stage started <<<<<<]
[2025-02-05 14:55:53,801: INFO: common: yaml file: config\config.yaml loaded successfully]
[2025-02-05 14:55:53,801: INFO: common: yaml file: params.yaml loaded successfully]
[2025-02-05 14:55:53,801: INFO: common: yaml file: schema.yaml loaded successfully]
[2025-02-05 14:55:53,801: INFO: common: created directory at: artifacts]
[2025-02-05 14:55:53,813: INFO: common: created directory at: artifacts/data_ingestion]
[2025-02-05 14:55:53,813: INFO: data_ingestion: File already exists]
[2025-02-05 14:55:53,816: INFO: main: >>>>>> stage Data Ingestion stage completed <<<<<<

x==========x]
[2025-02-05 14:55:53,818: INFO: main: >>>>>> stage Data Validation stage started <<<<<<]
[2025-02-05 14:55:53,820: INFO: common: yaml file: config\config.yaml loaded successfully]
[2025-02-05 14:55:53,822: INFO: common: yaml file: params.yaml loaded successfully]
[2025-02-05 14:55:53,825: INFO: common: yaml file: schema.yaml loaded successfully]
[2025-02-05 14:55:53,825: INFO: common: created directory at: artifacts]
[2025-02-05 14:55:53,826: INFO: common: created directory at: artifacts/data_validation]
[2025-02-05 14:55:53,853: INFO: main: >>>>>> stage Data Validation stage completed <<<<<<

x==========x]
[2025-02-05 14:55:53,855: INFO: main: >>>>>> stage Data Transformation stage started <<<<<<]
[2025-02-05 14:55:53,860: INFO: common: yaml file: config\config.yaml loaded successfully]
[2025-02-05 14:55:53,862: INFO: common: yaml file: params.yaml loaded successfully]
[2025-02-05 14:55:53,864: INFO: common: yaml file: schema.yaml loaded successfully]
[2025-02-05 14:55:53,864: INFO: common: created directory at: artifacts]
[2025-02-05 14:55:53,865: INFO: common: created directory at: artifacts/data_transformation]
[2025-02-05 14:55:53,865: INFO: main: >>>>>> stage Data Transformation stage completed <<<<<<

x==========x]
[2025-02-05 14:55:53,866: INFO: main: >>>>>> stage Model Trainer stage started <<<<<<]
[2025-02-05 14:55:53,868: INFO: common: yaml file: config\config.yaml loaded successfully]
[2025-02-05 14:55:53,869: INFO: common: yaml file: params.yaml loaded successfully]
[2025-02-05 14:55:53,873: INFO: common: yaml file: schema.yaml loaded successfully]
[2025-02-05 14:55:53,873: INFO: common: created directory at: artifacts]
[2025-02-05 14:55:53,874: INFO: common: created directory at: artifacts/model_trainer]
[2025-02-05 14:55:53,884: INFO: main: >>>>>> stage Model Trainer stage completed <<<<<<

x==========x]
[2025-02-05 14:55:53,887: INFO: main: >>>>>> stage Model evaluation stage started <<<<<<]
[2025-02-05 14:55:53,891: INFO: common: yaml file: config\config.yaml loaded successfully]
[2025-02-05 14:55:53,892: INFO: common: yaml file: params.yaml loaded successfully]
[2025-02-05 14:55:53,918: INFO: common: yaml file: schema.yaml loaded successfully]
[2025-02-05 14:55:53,931: INFO: common: created directory at: artifacts]
[2025-02-05 14:55:53,965: INFO: common: created directory at: artifacts/model_evaluation]
[2025-02-05 14:55:55,464: ERROR: main: name 'save_json' is not defined]
Traceback (most recent call last):
  File "C:\Users\Lenovo\Downloads\MLOps1\DataScienceProject\main.py", line 52, in <module>
    data_ingestion.initiate_model_evaluation()
  File "C:\Users\Lenovo\Downloads\MLOps1\DataScienceProject\src\datascience\pipeline\model_evaluation_pipeline.py", line 15, in initiate_model_evaluation
    model_evaluation.log_into_mlflow()
  File "C:\Users\Lenovo\Downloads\MLOps1\DataScienceProject\src\datascience\components\model_evaluation.py", line 42, in log_into_mlflow
    save_json(path=Path(self.config.metric_file_name), data=scores)
    ^^^^^^^^^
NameError: name 'save_json' is not defined
[2025-02-05 15:00:32,599: INFO: utils: NumExpr defaulting to 4 threads.]
[2025-02-05 15:00:35,570: INFO: main: >>>>>> stage Data Ingestion stage started <<<<<<]
[2025-02-05 15:00:35,570: INFO: common: yaml file: config\config.yaml loaded successfully]
[2025-02-05 15:00:35,570: INFO: common: yaml file: params.yaml loaded successfully]
[2025-02-05 15:00:35,570: INFO: common: yaml file: schema.yaml loaded successfully]
[2025-02-05 15:00:35,570: INFO: common: created directory at: artifacts]
[2025-02-05 15:00:35,570: INFO: common: created directory at: artifacts/data_ingestion]
[2025-02-05 15:00:35,570: INFO: data_ingestion: File already exists]
[2025-02-05 15:00:35,570: INFO: main: >>>>>> stage Data Ingestion stage completed <<<<<<

x==========x]
[2025-02-05 15:00:35,570: INFO: main: >>>>>> stage Data Validation stage started <<<<<<]
[2025-02-05 15:00:35,570: INFO: common: yaml file: config\config.yaml loaded successfully]
[2025-02-05 15:00:35,570: INFO: common: yaml file: params.yaml loaded successfully]
[2025-02-05 15:00:35,570: INFO: common: yaml file: schema.yaml loaded successfully]
[2025-02-05 15:00:35,570: INFO: common: created directory at: artifacts]
[2025-02-05 15:00:35,570: INFO: common: created directory at: artifacts/data_validation]
[2025-02-05 15:00:35,604: INFO: main: >>>>>> stage Data Validation stage completed <<<<<<

x==========x]
[2025-02-05 15:00:35,605: INFO: main: >>>>>> stage Data Transformation stage started <<<<<<]
[2025-02-05 15:00:35,610: INFO: common: yaml file: config\config.yaml loaded successfully]
[2025-02-05 15:00:35,610: INFO: common: yaml file: params.yaml loaded successfully]
[2025-02-05 15:00:35,614: INFO: common: yaml file: schema.yaml loaded successfully]
[2025-02-05 15:00:35,614: INFO: common: created directory at: artifacts]
[2025-02-05 15:00:35,614: INFO: common: created directory at: artifacts/data_transformation]
[2025-02-05 15:00:35,614: INFO: main: >>>>>> stage Data Transformation stage completed <<<<<<

x==========x]
[2025-02-05 15:00:35,618: INFO: main: >>>>>> stage Model Trainer stage started <<<<<<]
[2025-02-05 15:00:35,620: INFO: common: yaml file: config\config.yaml loaded successfully]
[2025-02-05 15:00:35,621: INFO: common: yaml file: params.yaml loaded successfully]
[2025-02-05 15:00:35,622: INFO: common: yaml file: schema.yaml loaded successfully]
[2025-02-05 15:00:35,624: INFO: common: created directory at: artifacts]
[2025-02-05 15:00:35,625: INFO: common: created directory at: artifacts/model_trainer]
[2025-02-05 15:00:35,637: INFO: main: >>>>>> stage Model Trainer stage completed <<<<<<

x==========x]
[2025-02-05 15:00:35,637: INFO: main: >>>>>> stage Model evaluation stage started <<<<<<]
[2025-02-05 15:00:35,641: INFO: common: yaml file: config\config.yaml loaded successfully]
[2025-02-05 15:00:35,641: INFO: common: yaml file: params.yaml loaded successfully]
[2025-02-05 15:00:35,641: INFO: common: yaml file: schema.yaml loaded successfully]
[2025-02-05 15:00:35,641: INFO: common: created directory at: artifacts]
[2025-02-05 15:00:35,641: INFO: common: created directory at: artifacts/model_evaluation]
[2025-02-05 15:00:36,467: INFO: common: json file saved at: artifacts\model_evaluation\metrics.jsons]
[2025-02-05 15:00:45,860: INFO: main: >>>>>> stage Model evaluation stage completed <<<<<<

x==========x]
